2023-06-28T19:01:16.825+0530	INFO	api/service.go:28	Server Boot; Initializing Services
2023-06-28T19:01:18.937+0530	INFO	api/main.go:27	Services Initialized; Starting Server
2023-06-28T19:56:14.664+0530	INFO	api/service.go:28	Server Boot; Initializing Services
2023-06-28T19:56:17.157+0530	INFO	api/main.go:22	Services Initialized; Starting Server
2023-06-28T20:11:09.497+0530	INFO	api/service.go:28	Server Boot; Initializing Services
2023-06-28T20:11:12.000+0530	INFO	api/main.go:23	Services Initialized; Starting Server
2023-06-28T20:13:56.173+0530	INFO	api/service.go:28	Server Boot; Initializing Services
2023-06-28T20:13:58.530+0530	INFO	api/main.go:23	Services Initialized; Starting Server
2023-06-28T20:15:26.247+0530	INFO	api/service.go:28	Server Boot; Initializing Services
2023-06-28T20:15:28.666+0530	INFO	api/main.go:23	Services Initialized; Starting Server
2023-06-28T20:15:51.762+0530	INFO	api/service.go:28	Server Boot; Initializing Services
2023-06-28T20:15:53.796+0530	INFO	api/main.go:23	Services Initialized; Starting Server
2023-06-28T20:17:19.484+0530	INFO	api/service.go:28	Server Boot; Initializing Services
2023-06-28T20:17:21.848+0530	INFO	api/main.go:22	Services Initialized; Starting Server
2023-06-28T20:18:03.881+0530	INFO	api/service.go:28	Server Boot; Initializing Services
2023-06-28T20:18:06.900+0530	INFO	api/main.go:22	Services Initialized; Starting Server
2023-06-28T20:18:35.657+0530	INFO	api/service.go:28	Server Boot; Initializing Services
2023-06-28T20:18:38.965+0530	INFO	api/main.go:22	Services Initialized; Starting Server
2023-06-28T20:30:54.350+0530	INFO	api/service.go:28	Server Boot; Initializing Services
2023-06-28T20:30:57.632+0530	INFO	api/main.go:24	Services Initialized; Starting Server
2023-06-28T20:33:30.074+0530	INFO	api/service.go:28	Server Boot; Initializing Services
2023-06-28T20:33:33.457+0530	INFO	api/main.go:24	Services Initialized; Starting Server
2023-06-28T20:36:29.319+0530	INFO	api/service.go:28	Server Boot; Initializing Services
2023-06-28T20:36:31.572+0530	INFO	api/main.go:23	Services Initialized; Starting Server
2023-06-28T20:37:20.590+0530	INFO	api/service.go:28	Server Boot; Initializing Services
2023-06-28T20:37:22.616+0530	INFO	api/main.go:23	Services Initialized; Starting Server
2023-06-28T20:38:10.744+0530	INFO	api/service.go:28	Server Boot; Initializing Services
2023-06-28T20:38:12.915+0530	INFO	api/main.go:23	Services Initialized; Starting Server
2023-06-28T20:38:34.745+0530	INFO	api/service.go:28	Server Boot; Initializing Services
2023-06-28T20:38:37.713+0530	INFO	api/main.go:23	Services Initialized; Starting Server
2023-06-28T20:39:35.425+0530	INFO	api/service.go:28	Server Boot; Initializing Services
2023-06-28T20:39:38.746+0530	INFO	api/main.go:23	Services Initialized; Starting Server
2023-06-28T20:39:45.248+0530	INFO	api/service.go:28	Server Boot; Initializing Services
2023-06-28T20:39:47.288+0530	INFO	api/main.go:23	Services Initialized; Starting Server
2023-06-28T21:23:51.828+0530	INFO	api/service.go:28	Server Boot; Initializing Services
2023-06-28T21:23:54.162+0530	INFO	api/main.go:22	Services Initialized; Starting Server
2023-06-28T21:24:25.375+0530	INFO	api/service.go:28	Server Boot; Initializing Services
2023-06-28T21:24:27.390+0530	INFO	api/main.go:22	Services Initialized; Starting Server
2023-06-28T21:24:54.196+0530	INFO	api/service.go:28	Server Boot; Initializing Services
2023-06-28T21:24:57.475+0530	INFO	api/main.go:22	Services Initialized; Starting Server
2023-06-28T21:27:32.887+0530	INFO	api/service.go:28	Server Boot; Initializing Services
2023-06-28T21:27:35.122+0530	INFO	api/main.go:22	Services Initialized; Starting Server
2023-06-28T21:38:39.450+0530	INFO	api/service.go:28	Server Boot; Initializing Services
2023-06-28T21:38:42.644+0530	INFO	api/main.go:22	Services Initialized; Starting Server
2023-06-28T21:43:11.811+0530	INFO	api/service.go:28	Server Boot; Initializing Services
2023-06-28T21:43:15.384+0530	INFO	api/main.go:22	Services Initialized; Starting Server
2023-06-28T21:49:54.988+0530	INFO	api/service.go:28	Server Boot; Initializing Services
2023-06-28T21:49:57.291+0530	INFO	api/main.go:22	Services Initialized; Starting Server
2023-06-28T21:52:13.176+0530	INFO	api/service.go:28	Server Boot; Initializing Services
2023-06-28T21:52:15.459+0530	INFO	api/main.go:22	Services Initialized; Starting Server
2023-06-30T16:23:35.487+0530	INFO	api/service.go:28	Server Boot; Initializing Services
2023-06-30T16:23:38.548+0530	INFO	api/main.go:24	Services Initialized; Starting Server
2023-06-30T22:18:54.132+0530	INFO	api/service.go:28	Server Boot; Initializing Services
2023-06-30T22:18:58.541+0530	INFO	api/main.go:24	Services Initialized; Starting Server
2023-06-30T22:18:58.836+0530	ERROR	api/main.go:54	context.Background.WithCancel cannot decode document into []store.AccountError while retrieving data&[]
2023-06-30T22:18:58.843+0530	ERROR	api/main.go:54	context.Background.WithCancel cannot decode document into []store.AccountError while retrieving data&[]
2023-06-30T22:19:24.940+0530	INFO	api/service.go:28	Server Boot; Initializing Services
2023-06-30T22:19:27.047+0530	INFO	api/main.go:24	Services Initialized; Starting Server
2023-07-03T19:13:01.917+0530	INFO	api/service.go:32	Server Boot; Initializing Services
2023-07-03T19:13:06.012+0530	INFO	api/main.go:25	Services Initialized; Starting Server
2023-07-03T22:03:52.056+0530	INFO	api/service.go:32	Server Boot; Initializing Services
2023-07-03T22:03:55.398+0530	INFO	api/main.go:25	Services Initialized; Starting Server
2023-07-03T22:15:17.190+0530	INFO	api/service.go:32	Server Boot; Initializing Services
2023-07-03T22:15:20.590+0530	INFO	api/main.go:25	Services Initialized; Starting Server
2023-07-03T22:22:16.437+0530	INFO	api/service.go:32	Server Boot; Initializing Services
2023-07-03T22:22:18.786+0530	INFO	api/main.go:25	Services Initialized; Starting Server
2023-07-03T22:24:33.716+0530	INFO	api/service.go:32	Server Boot; Initializing Services
2023-07-03T22:24:36.111+0530	INFO	api/main.go:25	Services Initialized; Starting Server
2023-07-03T22:27:09.286+0530	INFO	api/service.go:32	Server Boot; Initializing Services
2023-07-03T22:27:11.674+0530	INFO	api/main.go:25	Services Initialized; Starting Server
2023-07-03T22:28:39.120+0530	INFO	api/service.go:32	Server Boot; Initializing Services
2023-07-03T22:28:41.803+0530	INFO	api/main.go:25	Services Initialized; Starting Server
2023-07-03T22:32:26.320+0530	INFO	api/service.go:32	Server Boot; Initializing Services
2023-07-03T22:32:29.015+0530	INFO	api/main.go:25	Services Initialized; Starting Server
2023-07-03T22:33:23.654+0530	INFO	api/service.go:32	Server Boot; Initializing Services
2023-07-03T22:33:25.968+0530	INFO	api/main.go:25	Services Initialized; Starting Server
2023-07-03T22:36:46.483+0530	INFO	api/service.go:32	Server Boot; Initializing Services
2023-07-03T22:36:48.897+0530	INFO	api/main.go:25	Services Initialized; Starting Server
2023-07-03T22:38:46.782+0530	INFO	api/service.go:32	Server Boot; Initializing Services
2023-07-03T22:38:49.199+0530	INFO	api/main.go:25	Services Initialized; Starting Server
2023-07-03T22:44:10.850+0530	INFO	api/service.go:32	Server Boot; Initializing Services
2023-07-03T22:44:13.178+0530	INFO	api/main.go:25	Services Initialized; Starting Server
2023-07-03T22:47:15.956+0530	INFO	api/service.go:32	Server Boot; Initializing Services
2023-07-03T22:47:18.549+0530	INFO	api/main.go:25	Services Initialized; Starting Server
2023-07-03T22:56:32.418+0530	INFO	api/service.go:32	Server Boot; Initializing Services
2023-07-03T22:56:34.930+0530	INFO	api/main.go:25	Services Initialized; Starting Server
2023-07-04T10:23:12.473+0530	INFO	api/service.go:32	Server Boot; Initializing Services
2023-07-04T10:23:16.060+0530	INFO	api/main.go:25	Services Initialized; Starting Server
2023-07-04T10:38:06.717+0530	INFO	api/service.go:32	Server Boot; Initializing Services
2023-07-04T10:38:09.087+0530	INFO	api/main.go:25	Services Initialized; Starting Server
2023-07-04T10:39:49.370+0530	INFO	api/service.go:32	Server Boot; Initializing Services
2023-07-04T10:39:51.647+0530	INFO	api/main.go:25	Services Initialized; Starting Server
2023-07-04T10:43:23.787+0530	INFO	api/service.go:32	Server Boot; Initializing Services
2023-07-04T10:43:26.124+0530	INFO	api/main.go:25	Services Initialized; Starting Server
2023-07-04T10:44:48.769+0530	INFO	api/service.go:32	Server Boot; Initializing Services
2023-07-04T10:44:51.124+0530	INFO	api/main.go:25	Services Initialized; Starting Server
2023-07-04T11:06:54.126+0530	INFO	api/service.go:32	Server Boot; Initializing Services
2023-07-04T11:06:56.556+0530	INFO	api/main.go:25	Services Initialized; Starting Server
2023-07-04T11:09:06.315+0530	INFO	api/service.go:32	Server Boot; Initializing Services
2023-07-04T11:09:08.751+0530	INFO	api/main.go:25	Services Initialized; Starting Server
2023-07-04T11:13:42.335+0530	INFO	api/service.go:32	Server Boot; Initializing Services
2023-07-04T11:13:44.811+0530	INFO	api/main.go:25	Services Initialized; Starting Server
2023-07-04T11:26:28.782+0530	INFO	api/service.go:32	Server Boot; Initializing Services
2023-07-04T11:26:31.097+0530	INFO	api/main.go:25	Services Initialized; Starting Server
2023-07-04T11:38:09.434+0530	INFO	api/service.go:32	Server Boot; Initializing Services
2023-07-04T11:38:12.710+0530	INFO	api/main.go:25	Services Initialized; Starting Server
2023-07-04T11:38:18.859+0530	ERROR	handler/handler_read_account.go:48	context.Background.WithValue(type transport.connectionKey, val <not Stringer>).WithValue(type peer.peerKey, val <not Stringer>).WithCancel.WithValue(type metadata.mdIncomingKey, val <not Stringer>).WithValue(type grpc.streamKey, val <not Stringer>) EOFError while retrieving data&{0  0}
2023-07-04T11:40:01.372+0530	INFO	api/service.go:32	Server Boot; Initializing Services
2023-07-04T11:40:04.815+0530	INFO	api/main.go:25	Services Initialized; Starting Server
2023-07-04T14:18:14.253+0530	INFO	api/service.go:32	Server Boot; Initializing Services
2023-07-04T14:18:17.676+0530	INFO	api/main.go:25	Services Initialized; Starting Server
2023-07-04T14:20:58.772+0530	INFO	api/service.go:32	Server Boot; Initializing Services
2023-07-04T14:21:02.096+0530	INFO	api/main.go:25	Services Initialized; Starting Server
2023-07-04T14:23:04.322+0530	INFO	api/service.go:32	Server Boot; Initializing Services
2023-07-04T14:23:06.687+0530	INFO	api/main.go:25	Services Initialized; Starting Server
2023-07-04T14:23:11.172+0530	ERROR	handler/handler_read_account.go:51	context.Background.WithValue(type transport.connectionKey, val <not Stringer>).WithValue(type peer.peerKey, val <not Stringer>).WithCancel.WithValue(type metadata.mdIncomingKey, val <not Stringer>).WithValue(type grpc.streamKey, val <not Stringer>) error decoding key account_number: cannot decode string into an integer typeError while retrieving data&{0  0}
2023-07-04T14:23:11.172+0530	ERROR	handler/handler_read_account.go:51	context.Background.WithValue(type transport.connectionKey, val <not Stringer>).WithValue(type peer.peerKey, val <not Stringer>).WithCancel.WithValue(type metadata.mdIncomingKey, val <not Stringer>).WithValue(type grpc.streamKey, val <not Stringer>) error decoding key account_number: cannot decode string into an integer typeError while retrieving data&{0  0}
2023-07-04T14:34:29.800+0530	INFO	api/service.go:32	Server Boot; Initializing Services
2023-07-04T14:34:33.062+0530	INFO	api/main.go:25	Services Initialized; Starting Server
2023-07-04T14:50:26.416+0530	INFO	api/service.go:32	Server Boot; Initializing Services
2023-07-04T14:50:29.000+0530	INFO	api/main.go:25	Services Initialized; Starting Server
2023-07-04T16:46:11.866+0530	INFO	api/service.go:32	Server Boot; Initializing Services
2023-07-04T16:46:14.450+0530	INFO	api/main.go:25	Services Initialized; Starting Server
2023-07-04T19:14:02.827+0530	INFO	api/service.go:32	Server Boot; Initializing Services
2023-07-04T19:14:06.233+0530	INFO	api/main.go:25	Services Initialized; Starting Server
2023-07-04T19:21:17.253+0530	INFO	api/service.go:32	Server Boot; Initializing Services
2023-07-04T19:21:19.559+0530	INFO	api/main.go:25	Services Initialized; Starting Server
2023-07-04T19:24:50.732+0530	INFO	api/service.go:32	Server Boot; Initializing Services
2023-07-04T19:24:53.014+0530	INFO	api/main.go:25	Services Initialized; Starting Server
2023-07-11T12:14:27.945+0530	INFO	api/service.go:32	Server Boot; Initializing Services
2023-07-11T12:14:30.364+0530	INFO	api/main.go:24	Services Initialized; Starting Server
2023-07-11T12:17:19.553+0530	INFO	api/service.go:32	Server Boot; Initializing Services
2023-07-11T12:17:21.881+0530	INFO	api/main.go:24	Services Initialized; Starting Server
